+ directory-metadata
+ whoami
wolchear
+ hostname -f
Ubuntu.myguest.virtualbox.org
+ pwd
/home/wolchear/Desktop/refactoring
+ set +x
+ svnversion
Unversioned directory
+ df -h .
Filesystem      Size  Used Avail Use% Mounted on
/dev/sda3        40G   35G  2.8G  93% /
+ type osname
osname: not found
+ uname -a
Linux Ubuntu 6.8.0-49-generic #49~22.04.1-Ubuntu SMP PREEMPT_DYNAMIC Wed Nov  6 17:42:15 UTC 2 x86_64 x86_64 x86_64 GNU/Linux
+ date
Tue  3 Dec 21:44:56 EET 2024
+ wget -O scripts_out/dataPreparation/PDB/pdb_seqres.txt.gz https://files.wwpdb.org/pub/pdb/derived_data/pdb_seqres.txt.gz
--2024-12-03 21:44:56--  https://files.wwpdb.org/pub/pdb/derived_data/pdb_seqres.txt.gz
Resolving files.wwpdb.org (files.wwpdb.org)... 132.249.213.147
Connecting to files.wwpdb.org (files.wwpdb.org)|132.249.213.147|:443... connected.
HTTP request sent, awaiting response... 200 OK
Length: 54281657 (52M) [application/x-gzip]
Saving to: ‘scripts_out/dataPreparation/PDB/pdb_seqres.txt.gz’

     0K .......... .......... .......... .......... ..........  0%  150K 5m54s
    50K .......... .......... .......... .......... ..........  0%  529K 3m47s
   100K .......... .......... .......... .......... ..........  0%  663K 2m57s
   150K .......... .......... .......... .......... ..........  0% 26.9M 2m13s
   200K .......... .......... .......... .......... ..........  0%  292K 2m23s
   250K .......... .......... .......... .......... ..........  0% 16.1M 1m59s
   300K .......... .......... .......... .......... ..........  0%  586K 1m55s
   350K .......... .......... .......... .......... ..........  0%  296K 2m3s
   400K .......... .......... .......... .......... ..........  0% 71.2M 1m49s
   450K .......... .......... .......... .......... ..........  0%  586K 1m47s
   500K .......... .......... .......... .......... ..........  1% 44.3M 97s
   550K .......... .......... .......... .......... ..........  1% 89.6M 89s
   600K .......... .......... .......... .......... ..........  1%  584K 89s
   650K .......... .......... .......... .......... ..........  1% 18.3M 83s
   700K .......... .......... .......... .......... ..........  1%  369M 77s
   750K .......... .......... .......... .......... ..........  1% 30.9M 73s
   800K .......... .......... .......... .......... ..........  1%  301K 78s
   850K .......... .......... .......... .......... ..........  1% 16.1M 74s
   900K .......... .......... .......... .......... ..........  1% 50.0M 70s
   950K .......... .......... .......... .......... ..........  1% 14.1M 67s
  1000K .......... .......... .......... .......... ..........  1%  312K 72s
  1050K .......... .......... .......... .......... ..........  2% 9.13M 68s
  1100K .......... .......... .......... .......... ..........  2% 40.4M 65s
  1150K .......... .......... .......... .......... ..........  2% 49.2M 63s
  1200K .......... .......... .......... .......... ..........  2%  309K 67s
  1250K .......... .......... .......... .......... ..........  2% 11.4M 64s
  1300K .......... .......... .......... .......... ..........  2%  191M 62s
  1350K .......... .......... .......... .......... ..........  2%  381M 60s
  1400K .......... .......... .......... .......... ..........  2% 68.9M 58s
  1450K .......... .......... .......... .......... ..........  2%  304K 61s
  1500K .......... .......... .......... .......... ..........  2% 7.60M 59s
  1550K .......... .......... .......... .......... ..........  3%  264M 58s
  1600K .......... .......... .......... .......... ..........  3%  304M 56s
  1650K .......... .......... .......... .......... ..........  3%  305K 59s
  1700K .......... .......... .......... .......... ..........  3% 57.5M 57s
  1750K .......... .......... .......... .......... ..........  3% 8.66M 56s
  1800K .......... .......... .......... .......... ..........  3% 57.7M 54s
  1850K .......... .......... .......... .......... ..........  3%  237M 53s
  1900K .......... .......... .......... .......... ..........  3%  308K 56s
  1950K .......... .......... .......... .......... ..........  3% 82.5M 54s
  2000K .......... .......... .......... .......... ..........  3% 6.21M 53s
  2050K .......... .......... .......... .......... ..........  3% 42.5M 52s
  2100K .......... .......... .......... .......... ..........  4% 37.9M 51s
  2150K .......... .......... .......... .......... ..........  4%  313K 53s
  2200K .......... .......... .......... .......... ..........  4% 10.3M 52s
  2250K .......... .......... .......... .......... ..........  4% 27.8M 51s
  2300K .......... .......... .......... .......... ..........  4% 31.2M 50s
  2350K .......... .......... .......... .......... ..........  4% 32.4M 49s
  2400K .......... .......... .......... .......... ..........  4%  303K 51s
  2450K .......... .......... .......... .......... ..........  4% 16.5M 50s
  2500K .......... .......... .......... .......... ..........  4%  150M 49s
  2550K .......... .......... .......... .......... ..........  4%  216M 48s
  2600K .......... .......... .......... .......... ..........  4% 19.8M 47s
  2650K .......... .......... .......... .......... ..........  5%  311K 49s
  2700K .......... .......... .......... .......... ..........  5% 14.8M 48s
  2750K .......... .......... .......... .......... ..........  5% 92.7M 47s
  2800K .......... .......... .......... .......... ..........  5% 45.2M 46s
  2850K .......... .......... .......... .......... ..........  5% 24.4M 46s
  2900K .......... .......... .......... .......... ..........  5%  306K 48s
  2950K .......... .......... .......... .......... ..........  5%  116M 47s
  3000K .......... .......... .......... .......... ..........  5% 22.8M 46s
  3050K .......... .......... .......... .......... ..........  5% 26.4M 45s
  3100K .......... .......... .......... .......... ..........  5% 11.4M 45s
  3150K .......... .......... .......... .......... ..........  6%  320K 46s
  3200K .......... .......... .......... .......... ..........  6% 11.8M 46s
  3250K .......... .......... .......... .......... ..........  6% 11.2M 45s
  3300K .......... .......... .......... .......... ..........  6% 27.6M 44s
  3350K .......... .......... .......... .......... ..........  6%  199M 44s
  3400K .......... .......... .......... .......... ..........  6%  344K 45s
  3450K .......... .......... .......... .......... ..........  6% 2.89M 44s
  3500K .......... .......... .......... .......... ..........  6% 12.9M 44s
  3550K .......... .......... .......... .......... ..........  6% 39.5M 43s
  3600K .......... .......... .......... .......... ..........  6% 27.6M 43s
  3650K .......... .......... .......... .......... ..........  6%  970K 43s
  3700K .......... .......... .......... .......... ..........  7%  446K 44s
  3750K .......... .......... .......... .......... ..........  7%  301K 45s
  3800K .......... .......... .......... .......... ..........  7% 51.4M 44s
  3850K .......... .......... .......... .......... ..........  7%  377M 44s
  3900K .......... .......... .......... .......... ..........  7%  415M 43s
  3950K .......... .......... .......... .......... ..........  7%  465M 43s
  4000K .......... .......... .......... .......... ..........  7% 30.9M 42s
  4050K .......... .......... .......... .......... ..........  7% 9.99M 42s
  4100K .......... .......... .......... .......... ..........  7%  361K 43s
  4150K .......... .......... .......... .......... ..........  7% 2.18M 42s
  4200K .......... .......... .......... .......... ..........  8% 18.4M 42s
  4250K .......... .......... .......... .......... ..........  8% 6.82M 41s
  4300K .......... .......... .......... .......... ..........  8%  371K 42s
  4350K .......... .......... .......... .......... ..........  8% 2.08M 42s
  4400K .......... .......... .......... .......... ..........  8% 4.28M 42s
  4450K .......... .......... .......... .......... ..........  8%  171M 41s
  4500K .......... .......... .......... .......... ..........  8%  324K 42s
  4550K .......... .......... .......... .......... ..........  8% 6.17M 42s
  4600K .......... .......... .......... .......... ..........  8%  129M 42s
  4650K .......... .......... .......... .......... ..........  8% 10.8M 41s
  4700K .......... .......... .......... .......... ..........  8%  342K 42s
  4750K .......... .......... .......... .......... ..........  9%  273K 43s
  4800K .......... .......... .......... .......... ..........  9%  248M 43s
  4850K .......... .......... .......... .......... ..........  9% 50.6M 42s
  4900K .......... .......... .......... .......... ..........  9%  302M 42s
  4950K .......... .......... .......... .......... ..........  9% 17.9M 42s
  5000K .......... .......... .......... .......... ..........  9% 21.3M 41s
  5050K .......... .......... .......... .......... ..........  9%  311K 42s
  5100K .......... .......... .......... .......... ..........  9% 10.7M 42s
  5150K .......... .......... .......... .......... ..........  9%  938K 42s
  5200K .......... .......... .......... .......... ..........  9%  451K 42s
  5250K .......... .......... .......... .......... ..........  9% 10.3M 42s
  5300K .......... .......... .......... .......... .......... 10%  981K 42s
  5350K .......... .......... .......... .......... .......... 10%  443K 43s
  5400K .......... .......... .......... .......... .......... 10% 6.19M 42s
  5450K .......... .......... .......... .......... .......... 10% 1.03M 42s
  5500K .......... .......... .......... .......... .......... 10%  450K 43s
  5550K .......... .......... .......... .......... .......... 10% 4.89M 42s
  5600K .......... .......... .......... .......... .......... 10% 1.04M 42s
  5650K .......... .......... .......... .......... .......... 10%  440K 43s
  5700K .......... .......... .......... .......... .......... 10%  277K 44s
  5750K .......... .......... .......... .......... .......... 10% 1.14M 44s
  5800K .......... .......... .......... .......... .......... 11%  251M 43s
  5850K .......... .......... .......... .......... .......... 11% 15.9M 43s
  5900K .......... .......... .......... .......... .......... 11%  456K 44s
  5950K .......... .......... .......... .......... .......... 11% 8.24M 43s
  6000K .......... .......... .......... .......... .......... 11%  309K 44s
  6050K .......... .......... .......... .......... .......... 11% 9.25M 44s
  6100K .......... .......... .......... .......... .......... 11%  411K 44s
  6150K .......... .......... .......... .......... .......... 11% 1.18M 44s
  6200K .......... .......... .......... .......... .......... 11% 5.60M 44s
  6250K .......... .......... .......... .......... .......... 11%  315K 45s
  6300K .......... .......... .......... .......... .......... 11% 6.67M 44s
  6350K .......... .......... .......... .......... .......... 12%  405K 45s
  6400K .......... .......... .......... .......... .......... 12% 1.22M 45s
  6450K .......... .......... .......... .......... .......... 12% 1.02M 45s
  6500K .......... .......... .......... .......... .......... 12%  403K 45s
  6550K .......... .......... .......... .......... .......... 12% 13.1M 45s
  6600K .......... .......... .......... .......... .......... 12%  368K 45s
  6650K .......... .......... .......... .......... .......... 12% 1.74M 45s
  6700K .......... .......... .......... .......... .......... 12% 1.23M 45s
  6750K .......... .......... .......... .......... .......... 12%  396K 45s
  6800K .......... .......... .......... .......... .......... 12% 9.48M 45s
  6850K .......... .......... .......... .......... .......... 13%  309K 46s
  6900K .......... .......... .......... .......... .......... 13% 79.9M 45s
  6950K .......... .......... .......... .......... .......... 13% 1.19M 45s
  7000K .......... .......... .......... .......... .......... 13%  388K 46s
  7050K .......... .......... .......... .......... .......... 13% 14.7M 45s
  7100K .......... .......... .......... .......... .......... 13% 1.34M 45s
  7150K .......... .......... .......... .......... .......... 13%  387K 46s
  7200K .......... .......... .......... .......... .......... 13% 20.4M 45s
  7250K .......... .......... .......... .......... .......... 13%  308K 46s
  7300K .......... .......... .......... .......... .......... 13% 15.0M 46s
  7350K .......... .......... .......... .......... .......... 13% 1.29M 46s
  7400K .......... .......... .......... .......... .......... 14%  374K 46s
  7450K .......... .......... .......... .......... .......... 14%  254M 46s
  7500K .......... .......... .......... .......... .......... 14%  454K 46s
  7550K .......... .......... .......... .......... .......... 14%  905K 46s
  7600K .......... .......... .......... .......... .......... 14% 1.37M 46s
  7650K .......... .......... .......... .......... .......... 14%  384K 46s
  7700K .......... .......... .......... .......... .......... 14% 12.6M 46s
  7750K .......... .......... .......... .......... .......... 14% 1.46M 46s
  7800K .......... .......... .......... .......... .......... 14%  384K 46s
  7850K .......... .......... .......... .......... .......... 14% 7.53M 46s
  7900K .......... .......... .......... .......... .......... 14%  477K 46s
  7950K .......... .......... .......... .......... .......... 15%  800K 46s
  8000K .......... .......... .......... .......... .......... 15% 1.55M 46s
  8050K .......... .......... .......... .......... .......... 15%  385K 46s
  8100K .......... .......... .......... .......... .......... 15% 5.97M 46s
  8150K .......... .......... .......... .......... .......... 15% 1.64M 46s
  8200K .......... .......... .......... .......... .......... 15%  202K 47s
  8250K .......... .......... .......... .......... .......... 15% 56.9M 47s
  8300K .......... .......... .......... .......... .......... 15%  294M 46s
  8350K .......... .......... .......... .......... .......... 15%  840K 46s
  8400K .......... .......... .......... .......... .......... 15%  177K 47s
  8450K .......... .......... .......... .......... .......... 16% 59.3M 47s
  8500K .......... .......... .......... .......... .......... 16%  132K 49s
  8550K .......... .......... .......... .......... .......... 16%  138M 48s
  8600K .......... .......... .......... .......... .......... 16% 9.15M 48s
  8650K .......... .......... .......... .......... .......... 16%  304K 49s
  8700K .......... .......... .......... .......... .......... 16%  297K 49s
  8750K .......... .......... .......... .......... .......... 16%  299K 50s
  8800K .......... .......... .......... .......... .......... 16%  297K 50s
  8850K .......... .......... .......... .......... .......... 16%  147K 51s
  8900K .......... .......... .......... .......... .......... 16%  149M 51s
  8950K .......... .......... .......... .......... .......... 16%  300K 52s
  9000K .......... .......... .......... .......... .......... 17%  256K 52s
  9050K .......... .......... .......... .......... .......... 17%  165K 53s
  9100K .......... .......... .......... .......... .......... 17%  297K 54s
  9150K .......... .......... .......... .......... .......... 17%  299K 54s
  9200K .......... .......... .......... .......... .......... 17%  295K 55s
  9250K .......... .......... .......... .......... .......... 17%  299K 55s
  9300K .......... .......... .......... .......... .......... 17%  299K 56s
  9350K .......... .......... .......... .......... .......... 17%  297K 56s
  9400K .......... .......... .......... .......... .......... 17%  299K 56s
  9450K .......... .......... .......... .......... .......... 17%  113K 58s
  9500K .......... .......... .......... .......... .......... 18%  497K 58s
  9550K .......... .......... .......... .......... .......... 18%  298K 58s
  9600K .......... .......... .......... .......... .......... 18%  149K 60s
  9650K .......... .......... .......... .......... .......... 18%  294K 60s
  9700K .......... .......... .......... .......... .......... 18%  295K 60s
  9750K .......... .......... .......... .......... .......... 18%  291K 61s
  9800K .......... .......... .......... .......... .......... 18%  219K 61s
  9850K .......... .......... .......... .......... .......... 18%  296K 62s
  9900K .......... .......... .......... .......... .......... 18%  298K 62s
  9950K .......... .......... .......... .......... .......... 18%  296K 62s
 10000K .......... .......... .......... .......... .......... 18%  176K 63s
 10050K .......... .......... .......... .......... .......... 19%  294K 64s
 10100K .......... .......... .......... .......... .......... 19%  295K 64s
 10150K .......... .......... .......... .......... .......... 19%  226K 64s
 10200K .......... .......... .......... .......... .......... 19%  299K 65s
 10250K .......... .......... .......... .......... .......... 19%  172K 66s
 10300K .......... .......... .......... .......... .......... 19%  297K 66s
 10350K .......... .......... .......... .......... .......... 19%  226K 66s
 10400K .......... .......... .......... .......... .......... 19%  175K 67s
 10450K .......... .......... .......... .......... .......... 19%  298K 67s
 10500K .......... .......... .......... .......... .......... 19%  299K 68s
 10550K .......... .......... .......... .......... .......... 19%  298K 68s
 10600K .......... .......... .......... .......... .......... 20%  298K 68s
 10650K .......... .......... .......... .......... .......... 20%  222K 69s
 10700K .......... .......... .......... .......... .......... 20%  297K 69s
 10750K .......... .......... .......... .......... .......... 20%  179K 70s
 10800K .......... .......... .......... .......... .......... 20%  222K 70s
 10850K .......... .......... .......... .......... .......... 20%  246K 71s
 10900K .......... .......... .......... .......... .......... 20%  200K 71s
 10950K .......... .......... .......... .......... .......... 20%  298K 71s
 11000K .......... .......... .......... .......... .......... 20%  297K 72s
 11050K .......... .......... .......... .......... .......... 20%  299K 72s
 11100K .......... .......... .......... .......... .......... 21%  299K 72s
 11150K .......... .......... .......... .......... .......... 21%  297K 72s
 11200K .......... .......... .......... .......... .......... 21%  200K 73s
 11250K .......... .......... .......... .......... .......... 21%  294K 73s
 11300K .......... .......... .......... .......... .......... 21%  296K 73s
 11350K .......... .......... .......... .......... .......... 21%  297K 73s
 11400K .......... .......... .......... .......... .......... 21%  294K 74s
 11450K .......... .......... .......... .......... .......... 21%  301K 74s
 11500K .......... .......... .......... .......... .......... 21%  224K 74s
 11550K .......... .......... .......... .......... .......... 21%  219K 75s
 11600K .......... .......... .......... .......... .......... 21%  206K 75s
 11650K .......... .......... .......... .......... .......... 22%  532K 75s
 11700K .......... .......... .......... .......... .......... 22%  296K 75s
 11750K .......... .......... .......... .......... .......... 22%  258K 75s
 11800K .......... .......... .......... .......... .......... 22%  297K 76s
 11850K .......... .......... .......... .......... .......... 22%  297K 76s
 11900K .......... .......... .......... .......... .......... 22%  297K 76s
 11950K .......... .......... .......... .......... .......... 22%  296K 76s
 12000K .......... .......... .......... .......... .......... 22%  297K 76s
 12050K .......... .......... .......... .......... .......... 22%  297K 76s
 12100K .......... .......... .......... .......... .......... 22%  299K 77s
 12150K .......... .......... .......... .......... .......... 23%  297K 77s
 12200K .......... .......... .......... .......... .......... 23%  653K 77s
 12250K .......... .......... .......... .......... .......... 23%  297K 77s
 12300K .......... .......... .......... .......... .......... 23%  298K 77s
 12350K .......... .......... .......... .......... .......... 23%  542K 77s
 12400K .......... .......... .......... .......... .......... 23%  297K 77s
 12450K .......... .......... .......... .......... .......... 23%  149K 78s
 12500K .......... .......... .......... .......... .......... 23% 93.7M 77s
 12550K .......... .......... .......... .......... .......... 23%  296K 77s
 12600K .......... .......... .......... .......... .......... 23%  301K 77s
 12650K .......... .......... .......... .......... .......... 23%  298K 78s
 12700K .......... .......... .......... .......... .......... 24%  624K 77s
 12750K .......... .......... .......... .......... .......... 24%  194K 78s
 12800K .......... .......... .......... .......... .......... 24%  302K 78s
 12850K .......... .......... .......... .......... .......... 24%  294K 78s
 12900K .......... .......... .......... .......... .......... 24%  297K 78s
 12950K .......... .......... .......... .......... .......... 24%  298K 78s
 13000K .......... .......... .......... .......... .......... 24%  297K 78s
 13050K .......... .......... .......... .......... .......... 24%  149K 79s
 13100K .......... .......... .......... .......... .......... 24%  268M 79s
 13150K .......... .......... .......... .......... .......... 24%  208K 79s
 13200K .......... .......... .......... .......... .......... 24%  190K 79s
 13250K .......... .......... .......... .......... .......... 25%  215K 80s
 13300K .......... .......... .......... .......... .......... 25%  286K 80s
 13350K .......... .......... .......... .......... .......... 25%  149K 80s
 13400K .......... .......... .......... .......... .......... 25%  118K 81s
 13450K .......... .......... .......... .......... .......... 25%  200K 82s
 13500K .......... .......... .......... .......... .......... 25%  149K 82s
 13550K .......... .......... .......... .......... .......... 25%  149K 83s
 13600K .......... .......... .......... .......... .......... 25%  116K 84s
 13650K .......... .......... .......... .......... .......... 25%  208K 84s
 13700K .......... .......... .......... .......... .......... 25%  150K 84s
 13750K .......... .......... .......... .......... .......... 26%  188K 85s
 13800K .......... .......... .......... .......... .......... 26%  211K 85s
 13850K .......... .......... .......... .......... .......... 26%  189K 85s
 13900K .......... .......... .......... .......... .......... 26%  210K 86s
 13950K .......... .......... .......... .......... .......... 26%  299K 86s
 14000K .......... .......... .......... .......... .......... 26%  149K 86s
 14050K .......... .......... .......... .......... .......... 26%  297K 86s
 14100K .......... .......... .......... .......... .......... 26%  189K 87s
 14150K .......... .......... .......... .......... .......... 26%  212K 87s
 14200K .......... .......... .......... .......... .......... 26%  291K 87s
 14250K .......... .......... .......... .......... .......... 26%  298K 87s
 14300K .......... .......... .......... .......... .......... 27%  299K 87s
 14350K .......... .......... .......... .......... .......... 27%  190K 87s
 14400K .......... .......... .......... .......... .......... 27%  215K 87s
 14450K .......... .......... .......... .......... .......... 27%  295K 87s
 14500K .......... .......... .......... .......... .......... 27%  320K 87s
 14550K .......... .......... .......... .......... .......... 27%  438K 87s
 14600K .......... .......... .......... .......... .......... 27%  658K 87s
 14650K .......... .......... .......... .......... .......... 27%  301K 87s
 14700K .......... .......... .......... .......... .......... 27%  313K 87s
 14750K .......... .......... .......... .......... .......... 27%  282K 87s
 14800K .......... .......... .......... .......... .......... 28%  318K 87s
 14850K .......... .......... .......... .......... .......... 28%  292K 87s
 14900K .......... .......... .......... .......... .......... 28%  473K 87s
 14950K .......... .......... .......... .......... .......... 28%  686K 87s
 15000K .......... .......... .......... .......... .......... 28%  298K 87s
 15050K .......... .......... .......... .......... .......... 28%  315K 87s
 15100K .......... .......... .......... .......... .......... 28%  479K 87s
 15150K .......... .......... .......... .......... .......... 28%  650K 87s
 15200K .......... .......... .......... .......... .......... 28%  151K 87s
 15250K .......... .......... .......... .......... .......... 28%  314K 87s
 15300K .......... .......... .......... .......... .......... 28%  166M 87s
 15350K .......... .......... .......... .......... .......... 29%  219K 87s
 15400K .......... .......... .......... .......... .......... 29%  181K 87s
 15450K .......... .......... .......... .......... .......... 29%  222K 87s
 15500K .......... .......... .......... .......... .......... 29%  147K 88s
 15550K .......... .......... .......... .......... .......... 29%  182K 88s
 15600K .......... .......... .......... .......... .......... 29%  126K 88s
 15650K .......... .......... .......... .......... .......... 29%  189K 89s
 15700K .......... .......... .......... .......... .......... 29%  158K 89s
 15750K .......... .......... .......... .......... .......... 29%  194K 89s
 15800K .......... .......... .......... .......... .......... 29%  189K 89s
 15850K .......... .......... .......... .......... .......... 29%  210K 90s
 15900K .......... .......... .......... .......... .......... 30%  190K 90s
 15950K .......... .......... .......... .......... .......... 30%  209K 90s
 16000K .......... .......... .......... .......... .......... 30%  179K 90s
 16050K .......... .......... .......... .......... .......... 30%  223K 90s
 16100K .......... .......... .......... .......... .......... 30%  203K 90s
 16150K .......... .......... .......... .......... .......... 30%  275K 90s
 16200K .......... .......... .......... .......... .......... 30%  256K 90s
 16250K .......... .......... .......... .......... .......... 30%  233K 91s
 16300K .......... .......... .......... .......... .......... 30%  204K 91s
 16350K .......... .......... .......... .......... .......... 30%  192K 91s
 16400K .......... .......... .......... .......... .......... 31%  198K 91s
 16450K .......... .......... .......... .......... .......... 31%  200K 91s
 16500K .......... .......... .......... .......... .......... 31%  209K 91s
 16550K .......... .......... .......... .......... .......... 31%  242K 91s
 16600K .......... .......... .......... .......... .......... 31%  148K 92s
 16650K .......... .......... .......... .......... .......... 31%  226K 92s
 16700K .......... .......... .......... .......... .......... 31%  149K 92s
 16750K .......... .......... .......... .......... .......... 31%  210K 92s
 16800K .......... .......... .......... .......... .......... 31%  149K 93s
 16850K .......... .......... .......... .......... .......... 31%  186K 93s
 16900K .......... .......... .......... .......... .......... 31%  214K 93s
 16950K .......... .......... .......... .......... .......... 32%  186K 93s
 17000K .......... .......... .......... .......... .......... 32%  180K 93s
 17050K .......... .......... .......... .......... .......... 32%  149K 93s
 17100K .......... .......... .......... .......... .......... 32%  170K 94s
 17150K .......... .......... .......... .......... .......... 32%  240K 94s
 17200K .......... .......... .......... .......... .......... 32%  145K 94s
 17250K .......... .......... .......... .......... .......... 32%  233K 94s
 17300K .......... .......... .......... .......... .......... 32%  209K 94s
 17350K .......... .......... .......... .......... .......... 32%  233K 94s
 17400K .......... .......... .......... .......... .......... 32%  173K 94s
 17450K .......... .......... .......... .......... .......... 33%  233K 94s
 17500K .......... .......... .......... .......... .......... 33%  232K 94s
 17550K .......... .......... .......... .......... .......... 33%  208K 95s
 17600K .......... .......... .......... .......... .......... 33%  149K 95s
 17650K .......... .......... .......... .......... .......... 33%  298K 95s
 17700K .......... .......... .......... .......... .......... 33%  234K 95s
 17750K .......... .......... .......... .......... .......... 33%  233K 95s
 17800K .......... .......... .......... .......... .......... 33%  203K 95s
 17850K .......... .......... .......... .......... .......... 33%  296K 95s
 17900K .......... .......... .......... .......... .......... 33%  234K 95s
 17950K .......... .......... .......... .......... .......... 33%  295K 95s
 18000K .......... .......... .......... .......... .......... 34%  174K 95s
 18050K .......... .......... .......... .......... .......... 34%  294K 95s
 18100K .......... .......... .......... .......... .......... 34%  300K 95s
 18150K .......... .......... .......... .......... .......... 34%  298K 95s
 18200K .......... .......... .......... .......... .......... 34%  293K 95s
 18250K .......... .......... .......... .......... .......... 34%  302K 95s
 18300K .......... .......... .......... .......... .......... 34%  298K 94s
 18350K .......... .......... .......... .......... .......... 34%  298K 94s
 18400K .......... .......... .......... .......... .......... 34%  296K 94s
 18450K .......... .......... .......... .......... .......... 34%  436K 94s
 18500K .......... .......... .......... .......... .......... 34%  486K 94s
 18550K .......... .......... .......... .......... .......... 35%  300K 94s
 18600K .......... .......... .......... .......... .......... 35%  412K 94s
 18650K .......... .......... .......... .......... .......... 35%  416K 94s
 18700K .......... .......... .......... .......... .......... 35%  518K 93s
 18750K .......... .......... .......... .......... .......... 35%  414K 93s
 18800K .......... .......... .......... .......... .......... 35%  424K 93s
 18850K .......... .......... .......... .......... .......... 35%  488K 93s
 18900K .......... .......... .......... .......... .......... 35%  764K 93s
 18950K .......... .......... .......... .......... .......... 35%  486K 92s
 19000K .......... .......... .......... .......... .......... 35%  766K 92s
 19050K .......... .......... .......... .......... .......... 36%  478K 92s
 19100K .......... .......... .......... .......... .......... 36%  783K 92s
 19150K .......... .......... .......... .......... .......... 36%  967K 91s
 19200K .......... .......... .......... .......... .......... 36%  431K 91s
 19250K .......... .......... .......... .......... .......... 36%  952K 91s
 19300K .......... .......... .......... .......... .......... 36%  870K 91s
 19350K .......... .......... .......... .......... .......... 36%  449K 90s
 19400K .......... .......... .......... .......... .......... 36%  869K 90s
 19450K .......... .......... .......... .......... .......... 36%  856K 90s
 19500K .......... .......... .......... .......... .......... 36%  209K 90s
 19550K .......... .......... .......... .......... .......... 36%  133M 90s
 19600K .......... .......... .......... .......... .......... 37%  147M 89s
 19650K .......... .......... .......... .......... .......... 37% 1.11M 89s
 19700K .......... .......... .......... .......... .......... 37%  412K 89s
 19750K .......... .......... .......... .......... .......... 37% 1015K 88s
 19800K .......... .......... .......... .......... .......... 37%  422K 88s
 19850K .......... .......... .......... .......... .......... 37%  946K 88s
 19900K .......... .......... .......... .......... .......... 37%  385K 88s
 19950K .......... .......... .......... .......... .......... 37% 1.30M 88s
 20000K .......... .......... .......... .......... .......... 37%  380K 88s
 20050K .......... .......... .......... .......... .......... 37% 1.33M 87s
 20100K .......... .......... .......... .......... .......... 38%  947K 87s
 20150K .......... .......... .......... .......... .......... 38%  616K 87s
 20200K .......... .......... .......... .......... .......... 38% 1.19M 86s
 20250K .......... .......... .......... .......... .......... 38%  400K 86s
 20300K .......... .......... .......... .......... .......... 38% 1.30M 86s
 20350K .......... .......... .......... .......... .......... 38%  383K 86s
 20400K .......... .......... .......... .......... .......... 38% 1.31M 86s
 20450K .......... .......... .......... .......... .......... 38%  992K 85s
 20500K .......... .......... .......... .......... .......... 38%  609K 85s
 20550K .......... .......... .......... .......... .......... 38% 1.32M 85s
 20600K .......... .......... .......... .......... .......... 38%  380K 85s
 20650K .......... .......... .......... .......... .......... 39% 1.26M 84s
 20700K .......... .......... .......... .......... .......... 39% 1.02M 84s
 20750K .......... .......... .......... .......... .......... 39%  612K 84s
 20800K .......... .......... .......... .......... .......... 39% 1.23M 84s
 20850K .......... .......... .......... .......... .......... 39%  384K 84s
 20900K .......... .......... .......... .......... .......... 39% 1.29M 83s
 20950K .......... .......... .......... .......... .......... 39%  294K 83s
 21000K .......... .......... .......... .......... .......... 39%  164M 83s
 21050K .......... .......... .......... .......... .......... 39% 1.10M 83s
 21100K .......... .......... .......... .......... .......... 39%  405K 83s
 21150K .......... .......... .......... .......... .......... 39%  390K 82s
 21200K .......... .......... .......... .......... .......... 40%  239K 82s
 21250K .......... .......... .......... .......... .......... 40% 65.2M 82s
 21300K .......... .......... .......... .......... .......... 40%  156M 82s
 21350K .......... .......... .......... .......... .......... 40%  299K 82s
 21400K .......... .......... .......... .......... .......... 40%  390K 82s
 21450K .......... .......... .......... .......... .......... 40%  627K 81s
 21500K .......... .......... .......... .......... .......... 40%  168K 81s
 21550K .......... .......... .......... .......... .......... 40%  216M 81s
 21600K .......... .......... .......... .......... .......... 40%  299K 81s
 21650K .......... .......... .......... .......... .......... 40%  351K 81s
 21700K .......... .......... .......... .......... .......... 41%  327K 81s
 21750K .......... .......... .......... .......... .......... 41%  303K 81s
 21800K .......... .......... .......... .......... .......... 41%  294K 81s
 21850K .......... .......... .......... .......... .......... 41%  638K 81s
 21900K .......... .......... .......... .......... .......... 41%  369K 80s
 21950K .......... .......... .......... .......... .......... 41%  298K 80s
 22000K .......... .......... .......... .......... .......... 41%  297K 80s
 22050K .......... .......... .......... .......... .......... 41%  407K 80s
 22100K .......... .......... .......... .......... .......... 41%  299K 80s
 22150K .......... .......... .......... .......... .......... 41%  654K 80s
 22200K .......... .......... .......... .......... .......... 41%  364K 80s
 22250K .......... .......... .......... .......... .......... 42%  298K 80s
 22300K .......... .......... .......... .......... .......... 42%  394K 79s
 22350K .......... .......... .......... .......... .......... 42%  304K 79s
 22400K .......... .......... .......... .......... .......... 42%  296K 79s
 22450K .......... .......... .......... .......... .......... 42%  679K 79s
 22500K .......... .......... .......... .......... .......... 42%  361K 79s
 22550K .......... .......... .......... .......... .......... 42%  299K 79s
 22600K .......... .......... .......... .......... .......... 42%  403K 79s
 22650K .......... .......... .......... .......... .......... 42%  294K 79s
 22700K .......... .......... .......... .......... .......... 42%  677K 79s
 22750K .......... .......... .......... .......... .......... 43%  368K 78s
 22800K .......... .......... .......... .......... .......... 43%  295K 78s
 22850K .......... .......... .......... .......... .......... 43%  400K 78s
 22900K .......... .......... .......... .......... .......... 43%  298K 78s
 22950K .......... .......... .......... .......... .......... 43%  704K 78s
 23000K .......... .......... .......... .......... .......... 43%  360K 78s
 23050K .......... .......... .......... .......... .......... 43%  394K 78s
 23100K .......... .......... .......... .......... .......... 43%  695K 77s
 23150K .......... .......... .......... .......... .......... 43%  366K 77s
 23200K .......... .......... .......... .......... .......... 43%  169K 77s
 23250K .......... .......... .......... .......... .......... 43% 1.02M 77s
 23300K .......... .......... .......... .......... .......... 44%  287K 77s
 23350K .......... .......... .......... .......... .......... 44%  298K 77s
 23400K .......... .......... .......... .......... .......... 44%  395K 77s
 23450K .......... .......... .......... .......... .......... 44%  204K 77s
 23500K .......... .......... .......... .......... .......... 44%  381K 77s
 23550K .......... .......... .......... .......... .......... 44%  290K 77s
 23600K .......... .......... .......... .......... .......... 44%  246K 77s
 23650K .......... .......... .......... .......... .......... 44%  198K 77s
 23700K .......... .......... .......... .......... .......... 44%  296K 77s
 23750K .......... .......... .......... .......... .......... 44%  301K 76s
 23800K .......... .......... .......... .......... .......... 44%  299K 76s
 23850K .......... .......... .......... .......... .......... 45%  295K 76s
 23900K .......... .......... .......... .......... .......... 45%  288K 76s
 23950K .......... .......... .......... .......... .......... 45%  302K 76s
 24000K .......... .......... .......... .......... .......... 45%  239K 76s
 24050K .......... .......... .......... .......... .......... 45%  302K 76s
 24100K .......... .......... .......... .......... .......... 45%  296K 76s
 24150K .......... .......... .......... .......... .......... 45%  239K 76s
 24200K .......... .......... .......... .......... .......... 45%  297K 76s
 24250K .......... .......... .......... .......... .......... 45%  197K 76s
 24300K .......... .......... .......... .......... .......... 45%  243K 76s
 24350K .......... .......... .......... .......... .......... 46%  239K 76s
 24400K .......... .......... .......... .......... .......... 46%  292K 76s
 24450K .......... .......... .......... .......... .......... 46%  296K 76s
 24500K .......... .......... .......... .......... .......... 46%  292K 75s
 24550K .......... .......... .......... .......... .......... 46%  300K 75s
 24600K .......... .......... .......... .......... .......... 46%  297K 75s
 24650K .......... .......... .......... .......... .......... 46%  293K 75s
 24700K .......... .......... .......... .......... .......... 46%  299K 75s
 24750K .......... .......... .......... .......... .......... 46%  297K 75s
 24800K .......... .......... .......... .......... .......... 46%  173K 75s
 24850K .......... .......... .......... .......... .......... 46%  299K 75s
 24900K .......... .......... .......... .......... .......... 47%  300K 75s
 24950K .......... .......... .......... .......... .......... 47%  413K 75s
 25000K .......... .......... .......... .......... .......... 47%  297K 75s
 25050K .......... .......... .......... .......... .......... 47%  300K 75s
 25100K .......... .......... .......... .......... .......... 47%  297K 74s
 25150K .......... .......... .......... .......... .......... 47%  299K 74s
 25200K .......... .......... .......... .......... .......... 47%  191K 74s
 25250K .......... .......... .......... .......... .......... 47%  296K 74s
 25300K .......... .......... .......... .......... .......... 47%  312K 74s
 25350K .......... .......... .......... .......... .......... 47%  395K 74s
 25400K .......... .......... .......... .......... .......... 48%  295K 74s
 25450K .......... .......... .......... .......... .......... 48%  299K 74s
 25500K .......... .......... .......... .......... .......... 48%  394K 74s
 25550K .......... .......... .......... .......... .......... 48%  300K 74s
 25600K .......... .......... .......... .......... .......... 48%  295K 73s
 25650K .......... .......... .......... .......... .......... 48%  289K 73s
 25700K .......... .......... .......... .......... .......... 48%  544K 73s
 25750K .......... .......... .......... .......... .......... 48%  297K 73s
 25800K .......... .......... .......... .......... .......... 48%  299K 73s
 25850K .......... .......... .......... .......... .......... 48%  317K 73s
 25900K .......... .......... .......... .......... .......... 48%  576K 73s
 25950K .......... .......... .......... .......... .......... 49%  537K 73s
 26000K .......... .......... .......... .......... .......... 49%  298K 72s
 26050K .......... .......... .......... .......... .......... 49%  285K 72s
 26100K .......... .......... .......... .......... .......... 49%  707K 72s
 26150K .......... .......... .......... .......... .......... 49%  492K 72s
 26200K .......... .......... .......... .......... .......... 49%  297K 72s
 26250K .......... .......... .......... .......... .......... 49%  741K 72s
 26300K .......... .......... .......... .......... .......... 49%  488K 71s
 26350K .......... .......... .......... .......... .......... 49%  474K 71s
 26400K .......... .......... .......... .......... .......... 49%  215K 71s
 26450K .......... .......... .......... .......... .......... 49%  720K 71s
 26500K .......... .......... .......... .......... .......... 50%  489K 71s
 26550K .......... .......... .......... .......... .......... 50%  299K 71s
 26600K .......... .......... .......... .......... .......... 50%  733K 71s
 26650K .......... .......... .......... .......... .......... 50%  498K 70s
 26700K .......... .......... .......... .......... .......... 50%  305K 70s
 26750K .......... .......... .......... .......... .......... 50%  690K 70s
 26800K .......... .......... .......... .......... .......... 50%  293K 70s
 26850K .......... .......... .......... .......... .......... 50%  491K 70s
 26900K .......... .......... .......... .......... .......... 50%  717K 70s
 26950K .......... .......... .......... .......... .......... 50%  294K 70s
 27000K .......... .......... .......... .......... .......... 51%  516K 69s
 27050K .......... .......... .......... .......... .......... 51%  692K 69s
 27100K .......... .......... .......... .......... .......... 51%  517K 69s
 27150K .......... .......... .......... .......... .......... 51%  706K 69s
 27200K .......... .......... .......... .......... .......... 51%  298K 69s
 27250K .......... .......... .......... .......... .......... 51%  514K 69s
 27300K .......... .......... .......... .......... .......... 51%  685K 68s
 27350K .......... .......... .......... .......... .......... 51%  498K 68s
 27400K .......... .......... .......... .......... .......... 51%  646K 68s
 27450K .......... .......... .......... .......... .......... 51%  191K 68s
 27500K .......... .......... .......... .......... .......... 51%  182M 68s
 27550K .......... .......... .......... .......... .......... 52%  649K 68s
 27600K .......... .......... .......... .......... .......... 52%  301K 68s
 27650K .......... .......... .......... .......... .......... 52%  305K 67s
 27700K .......... .......... .......... .......... .......... 52%  545K 67s
 27750K .......... .......... .......... .......... .......... 52%  578K 67s
 27800K .......... .......... .......... .......... .......... 52%  283K 67s
 27850K .......... .......... .......... .......... .......... 52%  648K 67s
 27900K .......... .......... .......... .......... .......... 52%  541K 67s
 27950K .......... .......... .......... .......... .......... 52%  334K 67s
 28000K .......... .......... .......... .......... .......... 52%  540K 66s
 28050K .......... .......... .......... .......... .......... 53%  525K 66s
 28100K .......... .......... .......... .......... .......... 53%  338K 66s
 28150K .......... .......... .......... .......... .......... 53% 2.10M 66s
 28200K .......... .......... .......... .......... .......... 53%  297K 66s
 28250K .......... .......... .......... .......... .......... 53%  698K 66s
 28300K .......... .......... .......... .......... .......... 53%  492K 65s
 28350K .......... .......... .......... .......... .......... 53%  455K 65s
 28400K .......... .......... .......... .......... .......... 53%  512K 65s
 28450K .......... .......... .......... .......... .......... 53%  397K 65s
 28500K .......... .......... .......... .......... .......... 53%  212K 65s
 28550K .......... .......... .......... .......... .......... 53% 9.70M 65s
 28600K .......... .......... .......... .......... .......... 54%  503K 64s
 28650K .......... .......... .......... .......... .......... 54%  298K 64s
 28700K .......... .......... .......... .......... .......... 54%  741K 64s
 28750K .......... .......... .......... .......... .......... 54%  364K 64s
 28800K .......... .......... .......... .......... .......... 54%  298K 64s
 28850K .......... .......... .......... .......... .......... 54%  368K 64s
 28900K .......... .......... .......... .......... .......... 54%  382K 64s
 28950K .......... .......... .......... .......... .......... 54%  467K 64s
 29000K .......... .......... .......... .......... .......... 54%  485K 63s
 29050K .......... .......... .......... .......... .......... 54%  297K 63s
 29100K .......... .......... .......... .......... .......... 54%  709K 63s
 29150K .......... .......... .......... .......... .......... 55%  477K 63s
 29200K .......... .......... .......... .......... .......... 55%  288K 63s
 29250K .......... .......... .......... .......... .......... 55%  440K 63s
 29300K .......... .......... .......... .......... .......... 55%  447K 63s
 29350K .......... .......... .......... .......... .......... 55%  466K 62s
 29400K .......... .......... .......... .......... .......... 55%  341K 62s
 29450K .......... .......... .......... .......... .......... 55%  216K 62s
 29500K .......... .......... .......... .......... .......... 55% 17.1M 62s
 29550K .......... .......... .......... .......... .......... 55%  289K 62s
 29600K .......... .......... .......... .......... .......... 55%  292K 62s
 29650K .......... .......... .......... .......... .......... 56%  116M 62s
 29700K .......... .......... .......... .......... .......... 56%  299K 61s
 29750K .......... .......... .......... .......... .......... 56%  298K 61s
 29800K .......... .......... .......... .......... .......... 56% 60.4M 61s
 29850K .......... .......... .......... .......... .......... 56%  296K 61s
 29900K .......... .......... .......... .......... .......... 56%  296K 61s
 29950K .......... .......... .......... .......... .......... 56%  142M 61s
 30000K .......... .......... .......... .......... .......... 56%  284K 61s
 30050K .......... .......... .......... .......... .......... 56%  293K 60s
 30100K .......... .......... .......... .......... .......... 56%  304K 60s
 30150K .......... .......... .......... .......... .......... 56% 11.3M 60s
 30200K .......... .......... .......... .......... .......... 57%  298K 60s
 30250K .......... .......... .......... .......... .......... 57% 91.6M 60s
 30300K .......... .......... .......... .......... .......... 57%  298K 60s
 30350K .......... .......... .......... .......... .......... 57%  300K 60s
 30400K .......... .......... .......... .......... .......... 57%  308K 59s
 30450K .......... .......... .......... .......... .......... 57% 7.42M 59s
 30500K .......... .......... .......... .......... .......... 57%  276K 59s
 30550K .......... .......... .......... .......... .......... 57% 64.9M 59s
 30600K .......... .......... .......... .......... .......... 57%  291K 59s
 30650K .......... .......... .......... .......... .......... 57%  287K 59s
 30700K .......... .......... .......... .......... .......... 58%  120M 58s
 30750K .......... .......... .......... .......... .......... 58%  296K 58s
 30800K .......... .......... .......... .......... .......... 58%  271K 58s
 30850K .......... .......... .......... .......... .......... 58% 13.9M 58s
 30900K .......... .......... .......... .......... .......... 58%  293K 58s
 30950K .......... .......... .......... .......... .......... 58% 62.2M 58s
 31000K .......... .......... .......... .......... .......... 58%  291K 58s
 31050K .......... .......... .......... .......... .......... 58%  104M 57s
 31100K .......... .......... .......... .......... .......... 58%  250K 57s
 31150K .......... .......... .......... .......... .......... 58%  302K 57s
 31200K .......... .......... .......... .......... .......... 58% 8.14M 57s
 31250K .......... .......... .......... .......... .......... 59%  308K 57s
 31300K .......... .......... .......... .......... .......... 59% 8.14M 57s
 31350K .......... .......... .......... .......... .......... 59%  308K 57s
 31400K .......... .......... .......... .......... .......... 59% 7.21M 56s
 31450K .......... .......... .......... .......... .......... 59%  151K 56s
 31500K .......... .......... .......... .......... .......... 59%  295K 56s
 31550K .......... .......... .......... .......... .......... 59%  198M 56s
 31600K .......... .......... .......... .......... .......... 59%  202M 56s
 31650K .......... .......... .......... .......... .......... 59%  301K 56s
 31700K .......... .......... .......... .......... .......... 59% 9.63M 56s
 31750K .......... .......... .......... .......... .......... 59%  302K 55s
 31800K .......... .......... .......... .......... .......... 60% 18.5M 55s
 31850K .......... .......... .......... .......... .......... 60%  301K 55s
 31900K .......... .......... .......... .......... .......... 60%  297K 55s
 31950K .......... .......... .......... .......... .......... 60% 30.2M 55s
 32000K .......... .......... .......... .......... .......... 60%  300K 55s
 32050K .......... .......... .......... .......... .......... 60% 10.7M 54s
 32100K .......... .......... .......... .......... .......... 60%  305K 54s
 32150K .......... .......... .......... .......... .......... 60%  297K 54s
 32200K .......... .......... .......... .......... .......... 60% 12.2M 54s
 32250K .......... .......... .......... .......... .......... 60%  307K 54s
 32300K .......... .......... .......... .......... .......... 61% 9.89M 54s
 32350K .......... .......... .......... .......... .......... 61%  308K 54s
 32400K .......... .......... .......... .......... .......... 61% 5.42M 53s
 32450K .......... .......... .......... .......... .......... 61%  297K 53s
 32500K .......... .......... .......... .......... .......... 61% 70.3M 53s
 32550K .......... .......... .......... .......... .......... 61%  297K 53s
 32600K .......... .......... .......... .......... .......... 61%  293K 53s
 32650K .......... .......... .......... .......... .......... 61%  157M 53s
 32700K .......... .......... .......... .......... .......... 61%  107M 52s
 32750K .......... .......... .......... .......... .......... 61%  150K 52s
 32800K .......... .......... .......... .......... .......... 61% 18.9M 52s
 32850K .......... .......... .......... .......... .......... 62%  296K 52s
 32900K .......... .......... .......... .......... .......... 62%  298K 52s
 32950K .......... .......... .......... .......... .......... 62%  152K 52s
 33000K .......... .......... .......... .......... .......... 62%  287K 52s
 33050K .......... .......... .......... .......... .......... 62%  147K 52s
 33100K .......... .......... .......... .......... .......... 62%  322K 52s
 33150K .......... .......... .......... .......... .......... 62%  216K 52s
 33200K .......... .......... .......... .......... .......... 62%  110K 52s
 33250K .......... .......... .......... .......... .......... 62%  298K 52s
 33300K .......... .......... .......... .......... .......... 62%  236K 52s
 33350K .......... .......... .......... .......... .......... 63%  171K 52s
 33400K .......... .......... .......... .......... .......... 63%  236K 51s
 33450K .......... .......... .......... .......... .......... 63%  172K 51s
 33500K .......... .......... .......... .......... .......... 63%  232K 51s
 33550K .......... .......... .......... .......... .......... 63%  173K 51s
 33600K .......... .......... .......... .......... .......... 63%  229K 51s
 33650K .......... .......... .......... .......... .......... 63%  176K 51s
 33700K .......... .......... .......... .......... .......... 63%  299K 51s
 33750K .......... .......... .......... .......... .......... 63%  226K 51s
 33800K .......... .......... .......... .......... .......... 63%  288K 51s
 33850K .......... .......... .......... .......... .......... 63%  301K 51s
 33900K .......... .......... .......... .......... .......... 64%  297K 51s
 33950K .......... .......... .......... .......... .......... 64%  297K 51s
 34000K .......... .......... .......... .......... .......... 64%  146K 51s
 34050K .......... .......... .......... .......... .......... 64%  295K 50s
 34100K .......... .......... .......... .......... .......... 64%  297K 50s
 34150K .......... .......... .......... .......... .......... 64%  298K 50s
 34200K .......... .......... .......... .......... .......... 64%  289K 50s
 34250K .......... .......... .......... .......... .......... 64%  284K 50s
 34300K .......... .......... .......... .......... .......... 64%  301K 50s
 34350K .......... .......... .......... .......... .......... 64%  297K 50s
 34400K .......... .......... .......... .......... .......... 64%  295K 50s
 34450K .......... .......... .......... .......... .......... 65%  303K 49s
 34500K .......... .......... .......... .......... .......... 65%  609K 49s
 34550K .......... .......... .......... .......... .......... 65%  557K 49s
 34600K .......... .......... .......... .......... .......... 65%  297K 49s
 34650K .......... .......... .......... .......... .......... 65%  651K 49s
 34700K .......... .......... .......... .......... .......... 65%  543K 49s
 34750K .......... .......... .......... .......... .......... 65%  295K 49s
 34800K .......... .......... .......... .......... .......... 65%  678K 48s
 34850K .......... .......... .......... .......... .......... 65%  517K 48s
 34900K .......... .......... .......... .......... .......... 65%  305K 48s
 34950K .......... .......... .......... .......... .......... 66% 8.36M 48s
 35000K .......... .......... .......... .......... .......... 66%  307K 48s
 35050K .......... .......... .......... .......... .......... 66% 9.86M 48s
 35100K .......... .......... .......... .......... .......... 66%  307K 48s
 35150K .......... .......... .......... .......... .......... 66% 14.6M 47s
 35200K .......... .......... .......... .......... .......... 66%  303K 47s
 35250K .......... .......... .......... .......... .......... 66% 15.9M 47s
 35300K .......... .......... .......... .......... .......... 66%  735K 47s
 35350K .......... .......... .......... .......... .......... 66%  497K 47s
 35400K .......... .......... .......... .......... .......... 66% 36.7M 47s
 35450K .......... .......... .......... .......... .......... 66%  309K 46s
 35500K .......... .......... .......... .......... .......... 67%  288K 46s
 35550K .......... .......... .......... .......... .......... 67% 17.2M 46s
 35600K .......... .......... .......... .......... .......... 67%  154M 46s
 35650K .......... .......... .......... .......... .......... 67%  770K 46s
 35700K .......... .......... .......... .......... .......... 67%  486K 46s
 35750K .......... .......... .......... .......... .......... 67%  775K 45s
 35800K .......... .......... .......... .......... .......... 67%  484K 45s
 35850K .......... .......... .......... .......... .......... 67%  779K 45s
 35900K .......... .......... .......... .......... .......... 67%  481K 45s
 35950K .......... .......... .......... .......... .......... 67%  774K 45s
 36000K .......... .......... .......... .......... .......... 68%  481K 45s
 36050K .......... .......... .......... .......... .......... 68%  773K 44s
 36100K .......... .......... .......... .......... .......... 68%  512K 44s
 36150K .......... .......... .......... .......... .......... 68% 7.53M 44s
 36200K .......... .......... .......... .......... .......... 68%  325K 44s
 36250K .......... .......... .......... .......... .......... 68% 3.49M 44s
 36300K .......... .......... .......... .......... .......... 68%  783K 44s
 36350K .......... .......... .......... .......... .......... 68%  516K 44s
 36400K .......... .......... .......... .......... .......... 68%  699K 43s
 36450K .......... .......... .......... .......... .......... 68%  522K 43s
 36500K .......... .......... .......... .......... .......... 68% 5.76M 43s
 36550K .......... .......... .......... .......... .......... 69%  781K 43s
 36600K .......... .......... .......... .......... .......... 69%  183K 43s
 36650K .......... .......... .......... .......... .......... 69% 1.62M 43s
 36700K .......... .......... .......... .......... .......... 69%  203M 42s
 36750K .......... .......... .......... .......... .......... 69%  128M 42s
 36800K .......... .......... .......... .......... .......... 69%  381K 42s
 36850K .......... .......... .......... .......... .......... 69%  717K 42s
 36900K .......... .......... .......... .......... .......... 69%  488K 42s
 36950K .......... .......... .......... .......... .......... 69%  763K 42s
 37000K .......... .......... .......... .......... .......... 69%  491K 42s
 37050K .......... .......... .......... .......... .......... 69%  759K 41s
 37100K .......... .......... .......... .......... .......... 70%  491K 41s
 37150K .......... .......... .......... .......... .......... 70%  742K 41s
 37200K .......... .......... .......... .......... .......... 70%  496K 41s
 37250K .......... .......... .......... .......... .......... 70%  479K 41s
 37300K .......... .......... .......... .......... .......... 70%  794K 41s
 37350K .......... .......... .......... .......... .......... 70%  741K 40s
 37400K .......... .......... .......... .......... .......... 70%  493K 40s
 37450K .......... .......... .......... .......... .......... 70%  747K 40s
 37500K .......... .......... .......... .......... .......... 70%  448K 40s
 37550K .......... .......... .......... .......... .......... 70%  887K 40s
 37600K .......... .......... .......... .......... .......... 71%  439K 40s
 37650K .......... .......... .......... .......... .......... 71%  913K 40s
 37700K .......... .......... .......... .......... .......... 71%  560K 39s
 37750K .......... .......... .......... .......... .......... 71%  629K 39s
 37800K .......... .......... .......... .......... .......... 71%  568K 39s
 37850K .......... .......... .......... .......... .......... 71% 1.92M 39s
 37900K .......... .......... .......... .......... .......... 71%  376K 39s
 37950K .......... .......... .......... .......... .......... 71% 1.42M 39s
 38000K .......... .......... .......... .......... .......... 71%  350K 39s
 38050K .......... .......... .......... .......... .......... 71% 1.88M 38s
 38100K .......... .......... .......... .......... .......... 71%  572K 38s
 38150K .......... .......... .......... .......... .......... 72%  615K 38s
 38200K .......... .......... .......... .......... .......... 72%  799K 38s
 38250K .......... .......... .......... .......... .......... 72%  471K 38s
 38300K .......... .......... .......... .......... .......... 72%  813K 38s
 38350K .......... .......... .......... .......... .......... 72%  642K 38s
 38400K .......... .......... .......... .......... .......... 72%  557K 37s
 38450K .......... .......... .......... .......... .......... 72%  537K 37s
 38500K .......... .......... .......... .......... .......... 72%  778K 37s
 38550K .......... .......... .......... .......... .......... 72%  571K 37s
 38600K .......... .......... .......... .......... .......... 72%  250K 37s
 38650K .......... .......... .......... .......... .......... 73%  263M 37s
 38700K .......... .......... .......... .......... .......... 73%  251M 36s
 38750K .......... .......... .......... .......... .......... 73%  297K 36s
 38800K .......... .......... .......... .......... .......... 73%  220K 36s
 38850K .......... .......... .......... .......... .......... 73%  244M 36s
 38900K .......... .......... .......... .......... .......... 73%  298K 36s
 38950K .......... .......... .......... .......... .......... 73%  463K 36s
 39000K .......... .......... .......... .......... .......... 73%  296K 36s
 39050K .......... .......... .......... .......... .......... 73%  378K 36s
 39100K .......... .......... .......... .......... .......... 73%  532K 35s
 39150K .......... .......... .......... .......... .......... 73%  295K 35s
 39200K .......... .......... .......... .......... .......... 74%  302K 35s
 39250K .......... .......... .......... .......... .......... 74%  429K 35s
 39300K .......... .......... .......... .......... .......... 74%  318K 35s
 39350K .......... .......... .......... .......... .......... 74%  801K 35s
 39400K .......... .......... .......... .......... .......... 74%  298K 35s
 39450K .......... .......... .......... .......... .......... 74%  451K 35s
 39500K .......... .......... .......... .......... .......... 74%  421K 34s
 39550K .......... .......... .......... .......... .......... 74%  467K 34s
 39600K .......... .......... .......... .......... .......... 74%  300K 34s
 39650K .......... .......... .......... .......... .......... 74%  438K 34s
 39700K .......... .......... .......... .......... .......... 74%  423K 34s
 39750K .......... .......... .......... .......... .......... 75%  480K 34s
 39800K .......... .......... .......... .......... .......... 75%  442K 34s
 39850K .......... .......... .......... .......... .......... 75%  316K 34s
 39900K .......... .......... .......... .......... .......... 75%  770K 33s
 39950K .......... .......... .......... .......... .......... 75%  449K 33s
 40000K .......... .......... .......... .......... .......... 75%  296K 33s
 40050K .......... .......... .......... .......... .......... 75%  154K 33s
 40100K .......... .......... .......... .......... .......... 75%  135M 33s
 40150K .......... .......... .......... .......... .......... 75%  722K 33s
 40200K .......... .......... .......... .......... .......... 75%  300K 33s
 40250K .......... .......... .......... .......... .......... 76%  298K 33s
 40300K .......... .......... .......... .......... .......... 76%  299K 32s
 40350K .......... .......... .......... .......... .......... 76%  449K 32s
 40400K .......... .......... .......... .......... .......... 76%  223K 32s
 40450K .......... .......... .......... .......... .......... 76%  457K 32s
 40500K .......... .......... .......... .......... .......... 76%  305K 32s
 40550K .......... .......... .......... .......... .......... 76%  445K 32s
 40600K .......... .......... .......... .......... .......... 76%  423K 32s
 40650K .......... .......... .......... .......... .......... 76%  297K 32s
 40700K .......... .......... .......... .......... .......... 76%  483K 31s
 40750K .......... .......... .......... .......... .......... 76%  440K 31s
 40800K .......... .......... .......... .......... .......... 77%  295K 31s
 40850K .......... .......... .......... .......... .......... 77%  424K 31s
 40900K .......... .......... .......... .......... .......... 77%  185K 31s
 40950K .......... .......... .......... .......... .......... 77%  768K 31s
 41000K .......... .......... .......... .......... .......... 77%  296K 31s
 41050K .......... .......... .......... .......... .......... 77%  300K 31s
 41100K .......... .......... .......... .......... .......... 77%  488K 30s
 41150K .......... .......... .......... .......... .......... 77%  299K 30s
 41200K .......... .......... .......... .......... .......... 77%  298K 30s
 41250K .......... .......... .......... .......... .......... 77%  297K 30s
 41300K .......... .......... .......... .......... .......... 78%  458K 30s
 41350K .......... .......... .......... .......... .......... 78%  402K 30s
 41400K .......... .......... .......... .......... .......... 78%  298K 30s
 41450K .......... .......... .......... .......... .......... 78%  480K 30s
 41500K .......... .......... .......... .......... .......... 78%  298K 29s
 41550K .......... .......... .......... .......... .......... 78%  756K 29s
 41600K .......... .......... .......... .......... .......... 78%  181K 29s
 41650K .......... .......... .......... .......... .......... 78%  345K 29s
 41700K .......... .......... .......... .......... .......... 78%  252K 29s
 41750K .......... .......... .......... .......... .......... 78%  229K 29s
 41800K .......... .......... .......... .......... .......... 78%  199K 29s
 41850K .......... .......... .......... .......... .......... 79%  242K 29s
 41900K .......... .......... .......... .......... .......... 79%  239K 29s
 41950K .......... .......... .......... .......... .......... 79%  299K 28s
 42000K .......... .......... .......... .......... .......... 79%  158K 28s
 42050K .......... .......... .......... .......... .......... 79%  266K 28s
 42100K .......... .......... .......... .......... .......... 79%  297K 28s
 42150K .......... .......... .......... .......... .......... 79%  200K 28s
 42200K .......... .......... .......... .......... .......... 79%  215K 28s
 42250K .......... .......... .......... .......... .......... 79%  299K 28s
 42300K .......... .......... .......... .......... .......... 79%  268K 28s
 42350K .......... .......... .......... .......... .......... 79%  299K 28s
 42400K .......... .......... .......... .......... .......... 80%  154K 28s
 42450K .......... .......... .......... .......... .......... 80%  282K 27s
 42500K .......... .......... .......... .......... .......... 80%  299K 27s
 42550K .......... .......... .......... .......... .......... 80%  197K 27s
 42600K .......... .......... .......... .......... .......... 80%  201K 27s
 42650K .......... .......... .......... .......... .......... 80%  298K 27s
 42700K .......... .......... .......... .......... .......... 80%  238K 27s
 42750K .......... .......... .......... .......... .......... 80%  235K 27s
 42800K .......... .......... .......... .......... .......... 80%  202K 27s
 42850K .......... .......... .......... .......... .......... 80%  283K 27s
 42900K .......... .......... .......... .......... .......... 81%  299K 26s
 42950K .......... .......... .......... .......... .......... 81%  300K 26s
 43000K .......... .......... .......... .......... .......... 81%  149K 26s
 43050K .......... .......... .......... .......... .......... 81%  638K 26s
 43100K .......... .......... .......... .......... .......... 81%  195K 26s
 43150K .......... .......... .......... .......... .......... 81%  204K 26s
 43200K .......... .......... .......... .......... .......... 81%  190K 26s
 43250K .......... .......... .......... .......... .......... 81%  249K 26s
 43300K .......... .......... .......... .......... .......... 81%  243K 25s
 43350K .......... .......... .......... .......... .......... 81%  165K 25s
 43400K .......... .......... .......... .......... .......... 81%  386K 25s
 43450K .......... .......... .......... .......... .......... 82%  211K 25s
 43500K .......... .......... .......... .......... .......... 82%  189K 25s
 43550K .......... .......... .......... .......... .......... 82%  243K 25s
 43600K .......... .......... .......... .......... .......... 82%  169K 25s
 43650K .......... .......... .......... .......... .......... 82%  242K 25s
 43700K .......... .......... .......... .......... .......... 82%  212K 25s
 43750K .......... .......... .......... .......... .......... 82%  220K 24s
 43800K .......... .......... .......... .......... .......... 82%  241K 24s
 43850K .......... .......... .......... .......... .......... 82%  212K 24s
 43900K .......... .......... .......... .......... .......... 82%  234K 24s
 43950K .......... .......... .......... .......... .......... 83%  276K 24s
 44000K .......... .......... .......... .......... .......... 83%  182K 24s
 44050K .......... .......... .......... .......... .......... 83%  186K 24s
 44100K .......... .......... .......... .......... .......... 83%  179K 24s
 44150K .......... .......... .......... .......... .......... 83%  225K 24s
 44200K .......... .......... .......... .......... .......... 83%  247K 23s
 44250K .......... .......... .......... .......... .......... 83%  167K 23s
 44300K .......... .......... .......... .......... .......... 83% 90.6K 23s
 44350K .......... .......... .......... .......... .......... 83%  127K 23s
 44400K .......... .......... .......... .......... .......... 83% 97.2K 23s
 44450K .......... .......... .......... .......... .......... 83%  103K 23s
 44500K .......... .......... .......... .......... .......... 84%  113K 23s
 44550K .......... .......... .......... .......... .......... 84%  122K 23s
 44600K .......... .......... .......... .......... .......... 84%  149K 23s
 44650K .......... .......... .......... .......... .......... 84%  149K 23s
 44700K .......... .......... .......... .......... .......... 84%  149K 23s
 44750K .......... .......... .......... .......... .......... 84%  150K 23s
 44800K .......... .......... .......... .......... .......... 84%  149K 22s
 44850K .......... .......... .......... .......... .......... 84%  150K 22s
 44900K .......... .......... .......... .......... .......... 84%  192K 22s
 44950K .......... .......... .......... .......... .......... 84%  206K 22s
 45000K .......... .......... .......... .......... .......... 84%  193K 22s
 45050K .......... .......... .......... .......... .......... 85%  206K 22s
 45100K .......... .......... .......... .......... .......... 85%  298K 22s
 45150K .......... .......... .......... .......... .......... 85%  117K 22s
 45200K .......... .......... .......... .......... .......... 85%  204K 22s
 45250K .......... .......... .......... .......... .......... 85%  277K 21s
 45300K .......... .......... .......... .......... .......... 85%  175K 21s
 45350K .......... .......... .......... .......... .......... 85%  243K 21s
 45400K .......... .......... .......... .......... .......... 85%  278K 21s
 45450K .......... .......... .......... .......... .......... 85%  298K 21s
 45500K .......... .......... .......... .......... .......... 85%  299K 21s
 45550K .......... .......... .......... .......... .......... 86%  177K 21s
 45600K .......... .......... .......... .......... .......... 86%  228K 21s
 45650K .......... .......... .......... .......... .......... 86%  299K 20s
 45700K .......... .......... .......... .......... .......... 86%  283K 20s
 45750K .......... .......... .......... .......... .......... 86%  278K 20s
 45800K .......... .......... .......... .......... .......... 86%  190K 20s
 45850K .......... .......... .......... .......... .......... 86%  238K 20s
 45900K .......... .......... .......... .......... .......... 86%  294K 20s
 45950K .......... .......... .......... .......... .......... 86%  300K 20s
 46000K .......... .......... .......... .......... .......... 86%  136K 19s
 46050K .......... .......... .......... .......... .......... 86%  299K 19s
 46100K .......... .......... .......... .......... .......... 87%  165K 19s
 46150K .......... .......... .......... .......... .......... 87%  299K 19s
 46200K .......... .......... .......... .......... .......... 87%  245K 19s
 46250K .......... .......... .......... .......... .......... 87%  294K 19s
 46300K .......... .......... .......... .......... .......... 87%  169K 19s
 46350K .......... .......... .......... .......... .......... 87%  145K 19s
 46400K .......... .......... .......... .......... .......... 87%  263K 18s
 46450K .......... .......... .......... .......... .......... 87%  140K 18s
 46500K .......... .......... .......... .......... .......... 87%  288K 18s
 46550K .......... .......... .......... .......... .......... 87%  147K 18s
 46600K .......... .......... .......... .......... .......... 88%  150K 18s
 46650K .......... .......... .......... .......... .......... 88%  293K 18s
 46700K .......... .......... .......... .......... .......... 88%  148K 18s
 46750K .......... .......... .......... .......... .......... 88%  293K 18s
 46800K .......... .......... .......... .......... .......... 88% 99.2K 18s
 46850K .......... .......... .......... .......... .......... 88%  296K 17s
 46900K .......... .......... .......... .......... .......... 88%  296K 17s
 46950K .......... .......... .......... .......... .......... 88%  139K 17s
 47000K .......... .......... .......... .......... .......... 88%  297K 17s
 47050K .......... .......... .......... .......... .......... 88%  153K 17s
 47100K .......... .......... .......... .......... .......... 88%  286K 17s
 47150K .......... .......... .......... .......... .......... 89%  297K 17s
 47200K .......... .......... .......... .......... .......... 89%  151K 16s
 47250K .......... .......... .......... .......... .......... 89%  293K 16s
 47300K .......... .......... .......... .......... .......... 89%  299K 16s
 47350K .......... .......... .......... .......... .......... 89%  298K 16s
 47400K .......... .......... .......... .......... .......... 89%  298K 16s
 47450K .......... .......... .......... .......... .......... 89%  153K 16s
 47500K .......... .......... .......... .......... .......... 89%  300K 16s
 47550K .......... .......... .......... .......... .......... 89%  294K 15s
 47600K .......... .......... .......... .......... .......... 89%  275K 15s
 47650K .......... .......... .......... .......... .......... 89%  296K 15s
 47700K .......... .......... .......... .......... .......... 90%  298K 15s
 47750K .......... .......... .......... .......... .......... 90%  298K 15s
 47800K .......... .......... .......... .......... .......... 90%  298K 15s
 47850K .......... .......... .......... .......... .......... 90%  149K 15s
 47900K .......... .......... .......... .......... .......... 90%  302M 15s
 47950K .......... .......... .......... .......... .......... 90%  154K 14s
 48000K .......... .......... .......... .......... .......... 90%  280K 14s
 48050K .......... .......... .......... .......... .......... 90%  296K 14s
 48100K .......... .......... .......... .......... .......... 90%  301K 14s
 48150K .......... .......... .......... .......... .......... 90%  299K 14s
 48200K .......... .......... .......... .......... .......... 91%  298K 14s
 48250K .......... .......... .......... .......... .......... 91%  153K 14s
 48300K .......... .......... .......... .......... .......... 91%  299K 13s
 48350K .......... .......... .......... .......... .......... 91%  283K 13s
 48400K .......... .......... .......... .......... .......... 91%  102K 13s
 48450K .......... .......... .......... .......... .......... 91%  282K 13s
 48500K .......... .......... .......... .......... .......... 91%  146K 13s
 48550K .......... .......... .......... .......... .......... 91%  281K 13s
 48600K .......... .......... .......... .......... .......... 91%  141K 13s
 48650K .......... .......... .......... .......... .......... 91%  288K 12s
 48700K .......... .......... .......... .......... .......... 91%  149K 12s
 48750K .......... .......... .......... .......... .......... 92%  253K 12s
 48800K .......... .......... .......... .......... .......... 92%  148K 12s
 48850K .......... .......... .......... .......... .......... 92%  148K 12s
 48900K .......... .......... .......... .......... .......... 92%  295K 12s
 48950K .......... .......... .......... .......... .......... 92%  297K 12s
 49000K .......... .......... .......... .......... .......... 92%  147K 12s
 49050K .......... .......... .......... .......... .......... 92%  295K 11s
 49100K .......... .......... .......... .......... .......... 92%  298K 11s
 49150K .......... .......... .......... .......... .......... 92%  298K 11s
 49200K .......... .......... .......... .......... .......... 92%  148K 11s
 49250K .......... .......... .......... .......... .......... 93%  295K 11s
 49300K .......... .......... .......... .......... .......... 93%  288K 11s
 49350K .......... .......... .......... .......... .......... 93%  307K 11s
 49400K .......... .......... .......... .......... .......... 93%  152K 10s
 49450K .......... .......... .......... .......... .......... 93%  286K 10s
 49500K .......... .......... .......... .......... .......... 93%  149K 10s
 49550K .......... .......... .......... .......... .......... 93%  147K 10s
 49600K .......... .......... .......... .......... .......... 93% 99.6K 10s
 49650K .......... .......... .......... .......... .......... 93%  149K 10s
 49700K .......... .......... .......... .......... .......... 93%  156K 10s
 49750K .......... .......... .......... .......... .......... 93%  149K 9s
 49800K .......... .......... .......... .......... .......... 94%  273K 9s
 49850K .......... .......... .......... .......... .......... 94%  149K 9s
 49900K .......... .......... .......... .......... .......... 94%  299K 9s
 49950K .......... .......... .......... .......... .......... 94%  148K 9s
 50000K .......... .......... .......... .......... .......... 94%  149K 9s
 50050K .......... .......... .......... .......... .......... 94%  297K 9s
 50100K .......... .......... .......... .......... .......... 94%  160K 8s
 50150K .......... .......... .......... .......... .......... 94%  259K 8s
 50200K .......... .......... .......... .......... .......... 94%  298K 8s
 50250K .......... .......... .......... .......... .......... 94%  291K 8s
 50300K .......... .......... .......... .......... .......... 94%  151K 8s
 50350K .......... .......... .......... .......... .......... 95%  297K 8s
 50400K .......... .......... .......... .......... .......... 95%  297K 8s
 50450K .......... .......... .......... .......... .......... 95%  160K 7s
 50500K .......... .......... .......... .......... .......... 95%  300K 7s
 50550K .......... .......... .......... .......... .......... 95% 1.89M 7s
 50600K .......... .......... .......... .......... .......... 95%  297K 7s
 50650K .......... .......... .......... .......... .......... 95%  297K 7s
 50700K .......... .......... .......... .......... .......... 95%  295K 7s
 50750K .......... .......... .......... .......... .......... 95%  362K 7s
 50800K .......... .......... .......... .......... .......... 95%  742K 6s
 50850K .......... .......... .......... .......... .......... 96%  351K 6s
 50900K .......... .......... .......... .......... .......... 96%  337K 6s
 50950K .......... .......... .......... .......... .......... 96% 4.27M 6s
 51000K .......... .......... .......... .......... .......... 96%  250K 6s
 51050K .......... .......... .......... .......... .......... 96%  336M 6s
 51100K .......... .......... .......... .......... .......... 96%  367K 6s
 51150K .......... .......... .......... .......... .......... 96%  299K 5s
 51200K .......... .......... .......... .......... .......... 96%  304K 5s
 51250K .......... .......... .......... .......... .......... 96% 1.49M 5s
 51300K .......... .......... .......... .......... .......... 96%  358K 5s
 51350K .......... .......... .......... .......... .......... 96%  331K 5s
 51400K .......... .......... .......... .......... .......... 97% 2.87M 5s
 51450K .......... .......... .......... .......... .......... 97%  300K 4s
 51500K .......... .......... .......... .......... .......... 97%  289K 4s
 51550K .......... .......... .......... .......... .......... 97% 85.5M 4s
 51600K .......... .......... .......... .......... .......... 97%  245K 4s
 51650K .......... .......... .......... .......... .......... 97%  393K 4s
 51700K .......... .......... .......... .......... .......... 97%  298K 4s
 51750K .......... .......... .......... .......... .......... 97%  304K 4s
 51800K .......... .......... .......... .......... .......... 97%  329K 3s
 51850K .......... .......... .......... .......... .......... 97%  833K 3s
 51900K .......... .......... .......... .......... .......... 98%  401K 3s
 51950K .......... .......... .......... .......... .......... 98%  300K 3s
 52000K .......... .......... .......... .......... .......... 98%  296K 3s
 52050K .......... .......... .......... .......... .......... 98%  329K 3s
 52100K .......... .......... .......... .......... .......... 98%  886K 3s
 52150K .......... .......... .......... .......... .......... 98%  384K 2s
 52200K .......... .......... .......... .......... .......... 98%  306K 2s
 52250K .......... .......... .......... .......... .......... 98%  338K 2s
 52300K .......... .......... .......... .......... .......... 98% 1.98M 2s
 52350K .......... .......... .......... .......... .......... 98%  306K 2s
 52400K .......... .......... .......... .......... .......... 98%  294K 2s
 52450K .......... .......... .......... .......... .......... 99%  337K 2s
 52500K .......... .......... .......... .......... .......... 99%  874K 1s
 52550K .......... .......... .......... .......... .......... 99%  375K 1s
 52600K .......... .......... .......... .......... .......... 99%  317K 1s
 52650K .......... .......... .......... .......... .......... 99% 1.08M 1s
 52700K .......... .......... .......... .......... .......... 99%  297K 1s
 52750K .......... .......... .......... .......... .......... 99%  402K 1s
 52800K .......... .......... .......... .......... .......... 99%  305K 0s
 52850K .......... .......... .......... .......... .......... 99%  338K 0s
 52900K .......... .......... .......... .......... .......... 99%  738K 0s
 52950K .......... .......... .......... .......... .......... 99%  406K 0s
 53000K .........                                             100% 66.1M=2m37s

2024-12-03 21:47:33 (339 KB/s) - ‘scripts_out/dataPreparation/PDB/pdb_seqres.txt.gz’ saved [54281657/54281657]

+ date -Imin
2024-12-03T21:47+02:00
