--2024-12-04 20:09:13--  https://opig.stats.ox.ac.uk/webapps/sabdab-sabpred/sabdab/summary/20241204_0717218/
Resolving opig.stats.ox.ac.uk (opig.stats.ox.ac.uk)... 163.1.32.59
Connecting to opig.stats.ox.ac.uk (opig.stats.ox.ac.uk)|163.1.32.59|:443... connected.
HTTP request sent, awaiting response... 200 OK
Length: 3359561 (3.2M) [text/tab-separated-values]
Saving to: ‘scripts_out/dataPreparation/PDB/SAbDab_anotation.tsv’

     0K .......... .......... .......... .......... ..........  1%  903K 4s
    50K .......... .......... .......... .......... ..........  3% 1.26M 3s
   100K .......... .......... .......... .......... ..........  4% 4.56M 2s
   150K .......... .......... .......... .......... ..........  6% 14.4M 2s
   200K .......... .......... .......... .......... ..........  7% 1.17M 2s
   250K .......... .......... .......... .......... ..........  9% 34.1M 2s
   300K .......... .......... .......... .......... .......... 10% 1.30M 2s
   350K .......... .......... .......... .......... .......... 12% 4.82M 1s
   400K .......... .......... .......... .......... .......... 13% 50.0M 1s
   450K .......... .......... .......... .......... .......... 15% 17.4M 1s
   500K .......... .......... .......... .......... .......... 16%  220M 1s
   550K .......... .......... .......... .......... .......... 18% 1.46M 1s
   600K .......... .......... .......... .......... .......... 19% 3.63M 1s
   650K .......... .......... .......... .......... .......... 21% 90.8M 1s
   700K .......... .......... .......... .......... .......... 22%  158M 1s
   750K .......... .......... .......... .......... .......... 24%  319M 1s
   800K .......... .......... .......... .......... .......... 25% 21.3M 1s
   850K .......... .......... .......... .......... .......... 27% 62.8M 1s
   900K .......... .......... .......... .......... .......... 28% 16.4M 1s
   950K .......... .......... .......... .......... .......... 30% 29.9M 1s
  1000K .......... .......... .......... .......... .......... 32%  249M 1s
  1050K .......... .......... .......... .......... .......... 33%  695K 1s
  1100K .......... .......... .......... .......... .......... 35% 10.3M 1s
  1150K .......... .......... .......... .......... .......... 36% 22.3M 1s
  1200K .......... .......... .......... .......... .......... 38% 20.6M 1s
  1250K .......... .......... .......... .......... .......... 39% 74.7M 1s
  1300K .......... .......... .......... .......... .......... 41%  156M 0s
  1350K .......... .......... .......... .......... .......... 42%  137M 0s
  1400K .......... .......... .......... .......... .......... 44% 9.77M 0s
  1450K .......... .......... .......... .......... .......... 45%  189M 0s
  1500K .......... .......... .......... .......... .......... 47% 14.7M 0s
  1550K .......... .......... .......... .......... .......... 48% 14.6M 0s
  1600K .......... .......... .......... .......... .......... 50%  140M 0s
  1650K .......... .......... .......... .......... .......... 51% 7.95M 0s
  1700K .......... .......... .......... .......... .......... 53% 9.06M 0s
  1750K .......... .......... .......... .......... .......... 54% 10.9M 0s
  1800K .......... .......... .......... .......... .......... 56%  140M 0s
  1850K .......... .......... .......... .......... .......... 57% 9.79M 0s
  1900K .......... .......... .......... .......... .......... 59% 12.3M 0s
  1950K .......... .......... .......... .......... .......... 60% 22.8M 0s
  2000K .......... .......... .......... .......... .......... 62% 7.75M 0s
  2050K .......... .......... .......... .......... .......... 64% 20.5M 0s
  2100K .......... .......... .......... .......... .......... 65%  113M 0s
  2150K .......... .......... .......... .......... .......... 67%  150M 0s
  2200K .......... .......... .......... .......... .......... 68%  192M 0s
  2250K .......... .......... .......... .......... .......... 70% 60.0M 0s
  2300K .......... .......... .......... .......... .......... 71% 32.5M 0s
  2350K .......... .......... .......... .......... .......... 73%  126M 0s
  2400K .......... .......... .......... .......... .......... 74%  158M 0s
  2450K .......... .......... .......... .......... .......... 76%  157M 0s
  2500K .......... .......... .......... .......... .......... 77%  114M 0s
  2550K .......... .......... .......... .......... .......... 79%  292M 0s
  2600K .......... .......... .......... .......... .......... 80%  223M 0s
  2650K .......... .......... .......... .......... .......... 82% 19.8M 0s
  2700K .......... .......... .......... .......... .......... 83%  253M 0s
  2750K .......... .......... .......... .......... .......... 85% 95.1M 0s
  2800K .......... .......... .......... .......... .......... 86% 54.4M 0s
  2850K .......... .......... .......... .......... .......... 88%  127M 0s
  2900K .......... .......... .......... .......... .......... 89%  302M 0s
  2950K .......... .......... .......... .......... .......... 91% 21.3M 0s
  3000K .......... .......... .......... .......... .......... 92% 4.88M 0s
  3050K .......... .......... .......... .......... .......... 94%  153M 0s
  3100K .......... .......... .......... .......... .......... 96%  144M 0s
  3150K .......... .......... .......... .......... .......... 97% 15.7M 0s
  3200K .......... .......... .......... .......... .......... 99%  179M 0s
  3250K .......... .......... ..........                      100%  390M=0.4s

2024-12-04 20:09:13 (7.70 MB/s) - ‘scripts_out/dataPreparation/PDB/SAbDab_anotation.tsv’ saved [3359561/3359561]

